<?xml version="1.0" encoding="UTF-8"?>
<testsuite xmlns:xsi="http://www.w3.org/2001/XMLSchema-instance" xsi:noNamespaceSchemaLocation="https://maven.apache.org/surefire/maven-surefire-plugin/xsd/surefire-test-report-3.0.xsd" version="3.0" name="com.safalifter.transformerservice.EwsConnectionTest" time="0.754" tests="1" errors="0" skipped="0" failures="0">
  <properties>
[...]
</properties>
  <testcase name="testEwsConnection" classname="com.safalifter.transformerservice.EwsConnectionTest" time="0.74">
    <system-out><![CDATA[Starting EWS Test...
Connected to EWS at https://mail.zesaholdings.co.zw/EWS/Exchange.asmx
Attempting to send...
Email sent successfully!
]]></system-out>
  </testcase>
</testsuite>